

================================================================
== Synthesis Summary Report of 'nn_inference'
================================================================
+ General Information: 
    * Date:           Sun Dec 18 11:16:32 2022
    * Version:        2020.2 (Build 3064766 on Wed Nov 18 09:12:47 MST 2020)
    * Project:        AInetwork
    * Solution:       solution1 (Vivado IP Flow Target)
    * Product family: zynquplus
    * Target device:  xczu3eg-sbva484-1-i
    

+ Performance & Resource Estimates: 
    
    PS: '+' for module; 'o' for loop; '*' for dataflow
    +----------------+------+-------+---------+-----------+----------+---------+------+----------+----------+--------+-----------+-----------+-----+
    |     Modules    | Issue|       | Latency |  Latency  | Iteration|         | Trip |          |          |        |           |           |     |
    |     & Loops    | Type | Slack | (cycles)|    (ns)   |  Latency | Interval| Count| Pipelined|   BRAM   |   DSP  |     FF    |    LUT    | URAM|
    +----------------+------+-------+---------+-----------+----------+---------+------+----------+----------+--------+-----------+-----------+-----+
    |+ nn_inference  |     -|  -0.20|    23674|  2.367e+05|         -|    23675|     -|        no|  53 (12%)|  8 (2%)|  554 (~0%)|  2217 (3%)|    -|
    | o col          |     -|  -7.30|    23360|  2.336e+05|       292|        -|    80|        no|         -|       -|          -|          -|    -|
    |  o prod        |     -|  -7.30|      289|  2.890e+03|         3|        1|   288|       yes|         -|       -|          -|          -|    -|
    | o loop1        |     -|  -7.30|       82|    820.000|         4|        1|    80|       yes|         -|       -|          -|          -|    -|
    | o col          |     -|  -7.30|      220|  2.200e+03|        44|        -|     5|        no|         -|       -|          -|          -|    -|
    |  o prod        |     -|  -7.30|       41|    410.000|         3|        1|    40|       yes|         -|       -|          -|          -|    -|
    | o loop1        |     -|  -7.30|        6|     60.000|         2|        1|     5|       yes|         -|       -|          -|          -|    -|
    +----------------+------+-------+---------+-----------+----------+---------+------+----------+----------+--------+-----------+-----------+-----+

